2014/09/05 18:01:45 INFO  - jmeter.util.JMeterUtils: Setting Locale to en_US 
2014/09/05 18:01:54 INFO  - jmeter.JMeter: Copyright (c) 1998-2009 The Apache Software Foundation 
2014/09/05 18:01:54 INFO  - jmeter.JMeter: Version 2.3.4 
2014/09/05 18:01:54 INFO  - jmeter.JMeter: java.version=1.6.0_27 
2014/09/05 18:01:54 INFO  - jmeter.JMeter: java.vm.name=OpenJDK Server VM 
2014/09/05 18:01:54 INFO  - jmeter.JMeter: os.name=Linux 
2014/09/05 18:01:54 INFO  - jmeter.JMeter: os.arch=i386 
2014/09/05 18:01:54 INFO  - jmeter.JMeter: os.version=3.5.0-23-generic 
2014/09/05 18:01:54 INFO  - jmeter.JMeter: file.encoding=UTF-8 
2014/09/05 18:01:55 INFO  - jmeter.JMeter: Default Locale=English (United States) 
2014/09/05 18:01:55 INFO  - jmeter.JMeter: JMeter  Locale=English (United States) 
2014/09/05 18:01:55 INFO  - jmeter.JMeter: JMeterHome=/usr/share/jmeter 
2014/09/05 18:01:55 INFO  - jmeter.JMeter: user.dir  =/var/www/image.loc 
2014/09/05 18:01:55 INFO  - jmeter.JMeter: PWD       =/var/www/image.loc 
2014/09/05 18:01:58 INFO  - jmeter.JMeter: IP: 192.168.0.74 Name: hellmark FullName: hellmark.Dlink 
2014/09/05 18:01:59 INFO  - jmeter.JMeter: Loaded icon properties from org/apache/jmeter/images/icon.properties 
2014/09/05 18:03:18 INFO  - jmeter.util.BSFTestElement: Registering JMeter version of JavaScript engine as work-round for BSF-22 
2014/09/05 18:03:46 INFO  - jmeter.protocol.http.sampler.HTTPSamplerBase: No response parsers defined: text/html only will be scanned for embedded resources 
2014/09/05 18:03:46 INFO  - jmeter.protocol.http.sampler.HTTPSampler: Maximum connection retries = 10 
2014/09/05 18:03:46 INFO  - jmeter.protocol.http.sampler.HTTPSampler: Connection and read timeouts are available on this JVM 
2014/09/05 18:03:47 INFO  - jmeter.samplers.SampleResult: Note: Sample TimeStamps are END times 
2014/09/05 18:03:47 INFO  - jmeter.samplers.SampleResult: sampleresult.default.encoding is set to ISO-8859-1 
